[2025-06-19 00:07:59] info: 	z2m: Logging to console, file (filename: log.log)
[2025-06-19 00:08:00] debug: 	z2m: Can't load state from file /app/data/state.json (doesn't exist)
[2025-06-19 00:08:00] info: 	z2m: Starting Zigbee2MQTT version 2.4.0 (commit #bdb94da46e0461337f4a61b4f2a6bfa5172f608f
)
[2025-06-19 00:08:00] info: 	z2m: Starting zigbee-herdsman (4.1.0)
[2025-06-19 00:08:00] debug: 	z2m: Using zigbee-herdsman with settings: '"{\"network\":{\"panID\":10998,\"extendedPanID\":[136,40,51,126,199,134,107,110],\"channelList\":[11],\"networkKey\":\"HIDDEN\"},\"databasePath\":\"/app/data/database.db\",\"databaseBackupPath\":\"/app/data/database.db.backup\",\"backupPath\":\"/app/data/coordinator_backup.json\",\"serialPort\":{\"baudRate\":115200,\"rtscts\":true,\"path\":\"/dev/ttyUSB0\",\"adapter\":\"zstack\"},\"adapter\":{\"disableLED\":false}}"'
[2025-06-19 00:08:00] debug: 	zh:adapter:discovery: Connected devices: [{"path":"/dev/ttyS0"},{"path":"/dev/ttyS1"},{"path":"/dev/ttyS10"},{"path":"/dev/ttyS11"},{"path":"/dev/ttyS12"},{"path":"/dev/ttyS13"},{"path":"/dev/ttyS14"},{"path":"/dev/ttyS15"},{"path":"/dev/ttyS16"},{"path":"/dev/ttyS17"},{"path":"/dev/ttyS18"},{"path":"/dev/ttyS19"},{"path":"/dev/ttyS2"},{"path":"/dev/ttyS20"},{"path":"/dev/ttyS21"},{"path":"/dev/ttyS22"},{"path":"/dev/ttyS23"},{"path":"/dev/ttyS24"},{"path":"/dev/ttyS25"},{"path":"/dev/ttyS26"},{"path":"/dev/ttyS27"},{"path":"/dev/ttyS28"},{"path":"/dev/ttyS29"},{"path":"/dev/ttyS3"},{"path":"/dev/ttyS30"},{"path":"/dev/ttyS31"},{"path":"/dev/ttyS4"},{"path":"/dev/ttyS5"},{"path":"/dev/ttyS6"},{"path":"/dev/ttyS7"},{"path":"/dev/ttyS8"},{"path":"/dev/ttyS9"},{"path":"/dev/ttyUSB0","manufacturer":"Itead","serialNumber":"500f99b90b74ef11b886e71e313510fd","pnpId":"usb-Itead_Sonoff_Zigbee_3.0_USB_Dongle_Plus_V2_500f99b90b74ef11b886e71e313510fd-if00-port0","vendorId":"10c4","productId":"ea60"}]
[2025-06-19 00:08:00] debug: 	zh:adapter:discovery: Unable to match USB adapter: zstack | /dev/ttyUSB0
[2025-06-19 00:08:00] debug: 	zh:controller: Starting with options '{"network":{"networkKeyDistribute":false,"networkKey":"HIDDEN","panID":10998,"extendedPanID":[136,40,51,126,199,134,107,110],"channelList":[11]},"serialPort":{"baudRate":115200,"rtscts":true,"path":"/dev/ttyUSB0","adapter":"zstack"},"adapter":{"disableLED":false},"databasePath":"/app/data/database.db","databaseBackupPath":"/app/data/database.db.backup","backupPath":"/app/data/coordinator_backup.json"}'
[2025-06-19 00:08:00] info: 	zh:zstack:znp: Opening SerialPort with {"path":"/dev/ttyUSB0","baudRate":115200,"rtscts":true,"autoOpen":false}
[2025-06-19 00:08:00] info: 	zh:zstack:znp: Serialport opened
[2025-06-19 00:08:00] debug: 	zh:zstack:znp: --> SREQ: SYS - ping - {"capabilities":1}
[2025-06-19 00:08:00] debug: 	zh:zstack:unpi:writer: --> frame [254,0,33,1,32]
[2025-06-19 00:08:00] info: 	zh:zstack:znp: Writing CC2530/CC2531 skip bootloader payload
[2025-06-19 00:08:00] debug: 	zh:zstack:unpi:writer: --> buffer [239]
[2025-06-19 00:08:01] debug: 	zh:zstack:znp: --> SREQ: SYS - ping - {"capabilities":1}
[2025-06-19 00:08:01] debug: 	zh:zstack:unpi:writer: --> frame [254,0,33,1,32]
[2025-06-19 00:08:01] info: 	zh:zstack:znp: Skip bootloader for CC2652/CC1352
[2025-06-19 00:08:02] debug: 	zh:zstack:znp: --> SREQ: SYS - ping - {"capabilities":1}
[2025-06-19 00:08:02] debug: 	zh:zstack:unpi:writer: --> frame [254,0,33,1,32]
[2025-06-19 00:08:03] debug: 	zh:zstack:unpi:parser: <-- [26,193,2,2,155,123,126]
[2025-06-19 00:08:03] debug: 	zh:zstack:unpi:parser: --- parseNext [26,193,2,2,155,123,126]
[2025-06-19 00:08:08] debug: 	zh:zstack:znp: --> SREQ: SYS - ping - {"capabilities":1}
[2025-06-19 00:08:08] debug: 	zh:zstack:unpi:writer: --> frame [254,0,33,1,32]
[2025-06-19 00:08:14] debug: 	zh:zstack:znp: --> SREQ: SYS - ping - {"capabilities":1}
[2025-06-19 00:08:14] debug: 	zh:zstack:unpi:writer: --> frame [254,0,33,1,32]
[2025-06-19 00:08:20] error: 	z2m: Error while starting zigbee-herdsman
[2025-06-19 00:08:20] error: 	z2m: Failed to start zigbee-herdsman
[2025-06-19 00:08:20] error: 	z2m: Check https://www.zigbee2mqtt.io/guide/installation/20_zigbee2mqtt-fails-to-start_crashes-runtime.html for possible solutions
[2025-06-19 00:08:20] error: 	z2m: Exiting...
[2025-06-19 00:08:20] error: 	z2m: Error: Failed to connect to the adapter (Error: SRSP - SYS - ping after 6000ms)
    at ZStackAdapter.start (/app/node_modules/.pnpm/zigbee-herdsman@4.1.0/node_modules/zigbee-herdsman/src/adapter/z-stack/adapter/zStackAdapter.ts:114:27)
    at Controller.start (/app/node_modules/.pnpm/zigbee-herdsman@4.1.0/node_modules/zigbee-herdsman/src/controller/controller.ts:133:29)
    at Zigbee.start (/app/lib/zigbee.ts:71:27)
    at Controller.start (/app/lib/controller.ts:102:13)
    at start (/app/index.js:149:5)
